calculator.js:112 Current configuration: {users: 2, subscribers: 17000, total: 239}
calculator.js:135 Checking tier: {users: 3, includedSubs: 1500, extraSubs: 15500, userPrice: 20, extraSubsPrice: 199, …}
calculator.js:135 Checking tier: {users: 5, includedSubs: 2500, extraSubs: 14500, userPrice: 18, extraSubsPrice: 149, …}
calculator.js:135 Checking tier: {users: 10, includedSubs: 7500, extraSubs: 9500, userPrice: 16, extraSubsPrice: 99, …}
calculator.js:135 Checking tier: {users: 20, includedSubs: 15000, extraSubs: 2000, userPrice: 15, extraSubsPrice: 49, …}
calculator.js:135 Checking tier: {users: 44, includedSubs: 30000, extraSubs: 0, userPrice: 12, extraSubsPrice: 0, …}
calculator.js:135 Checking tier: {users: 59, includedSubs: 50000, extraSubs: 0, userPrice: 10, extraSubsPrice: 0, …}
calculator.js:135 Checking tier: {users: Infinity, includedSubs: 70000, extraSubs: 0, userPrice: 8, extraSubsPrice: 0, …}
calculator.js:162 Best config found: null
calculator.js:167 Showing advice for config: null
calculator.js:169 No advice to show - no config or no savings
calculator.js:112 Current configuration: {users: 3, subscribers: 17000, total: 259}
calculator.js:135 Checking tier: {users: 3, includedSubs: 1500, extraSubs: 15500, userPrice: 20, extraSubsPrice: 199, …}
calculator.js:135 Checking tier: {users: 5, includedSubs: 2500, extraSubs: 14500, userPrice: 18, extraSubsPrice: 149, …}
calculator.js:148 Found better configuration!
calculator.js:135 Checking tier: {users: 10, includedSubs: 7500, extraSubs: 9500, userPrice: 16, extraSubsPrice: 99, …}
calculator.js:135 Checking tier: {users: 20, includedSubs: 15000, extraSubs: 2000, userPrice: 15, extraSubsPrice: 49, …}
calculator.js:135 Checking tier: {users: 44, includedSubs: 30000, extraSubs: 0, userPrice: 12, extraSubsPrice: 0, …}
calculator.js:135 Checking tier: {users: 59, includedSubs: 50000, extraSubs: 0, userPrice: 10, extraSubsPrice: 0, …}
calculator.js:135 Checking tier: {users: Infinity, includedSubs: 70000, extraSubs: 0, userPrice: 8, extraSubsPrice: 0, …}
calculator.js:162 Best config found: {users: 5, subscribers: 17000, total: 239, savings: 20, includedSubs: 2500, …}extraSubs: 14500includedSubs: 2500pricePerUser: 18savings: 20subscribers: 17000total: 239users: 5[[Prototype]]: Objectconstructor: ƒ Object()hasOwnProperty: ƒ hasOwnProperty()isPrototypeOf: ƒ isPrototypeOf()propertyIsEnumerable: ƒ propertyIsEnumerable()toLocaleString: ƒ toLocaleString()toString: ƒ toString()valueOf: ƒ valueOf()__defineGetter__: ƒ __defineGetter__()__defineSetter__: ƒ __defineSetter__()__lookupGetter__: ƒ __lookupGetter__()__lookupSetter__: ƒ __lookupSetter__()__proto__: (...)get __proto__: ƒ __proto__()set __proto__: ƒ __proto__()
calculator.js:167 Showing advice for config: {users: 5, subscribers: 17000, total: 239, savings: 20, includedSubs: 2500, …}extraSubs: 14500includedSubs: 2500pricePerUser: 18savings: 20subscribers: 17000total: 239users: 5[[Prototype]]: Object
calculator.js:112 Current configuration: {users: 4, subscribers: 17000, total: 221}subscribers: 17000total: 221users: 4[[Prototype]]: Object
calculator.js:135 Checking tier: {users: 5, includedSubs: 2500, extraSubs: 14500, userPrice: 18, extraSubsPrice: 149, …}extraSubs: 14500extraSubsPrice: 149includedSubs: 2500savings: -18total: 239userPrice: 18users: 5[[Prototype]]: Object
calculator.js:135 Checking tier: {users: 10, includedSubs: 7500, extraSubs: 9500, userPrice: 16, extraSubsPrice: 99, …}extraSubs: 9500extraSubsPrice: 99includedSubs: 7500savings: -38total: 259userPrice: 16users: 10[[Prototype]]: Object
calculator.js:135 Checking tier: {users: 20, includedSubs: 15000, extraSubs: 2000, userPrice: 15, extraSubsPrice: 49, …}extraSubs: 2000extraSubsPrice: 49includedSubs: 15000savings: -128total: 349userPrice: 15users: 20[[Prototype]]: Object
calculator.js:135 Checking tier: {users: 44, includedSubs: 30000, extraSubs: 0, userPrice: 12, extraSubsPrice: 0, …}extraSubs: 0extraSubsPrice: 0includedSubs: 30000savings: -307total: 528userPrice: 12users: 44[[Prototype]]: Object
calculator.js:135 Checking tier: {users: 59, includedSubs: 50000, extraSubs: 0, userPrice: 10, extraSubsPrice: 0, …}extraSubs: 0extraSubsPrice: 0includedSubs: 50000savings: -369total: 590userPrice: 10users: 59[[Prototype]]: Object
calculator.js:135 Checking tier: {users: Infinity, includedSubs: 70000, extraSubs: 0, userPrice: 8, extraSubsPrice: 0, …}extraSubs: 0extraSubsPrice: 0includedSubs: 70000savings: -Infinitytotal: InfinityuserPrice: 8users: Infinity[[Prototype]]: Object
calculator.js:162 Best config found: null
calculator.js:167 Showing advice for config: null
calculator.js:169 No advice to show - no config or no savings
